<?xml version="1.0" encoding="UTF-8"?>
<!-- Generated by org.testng.reporters.JUnitReportReporter -->
<testsuite hostname="DESKTOP-3O8QD8O" failures="0" tests="2" name="levelset_Test.NewTestDataTrial" time="43.286" errors="0" timestamp="2021-03-19T22:27:51 EET" skipped="0">
  <testcase classname="levelset_Test.NewTestDataTrial" name="testSignup_form" time="19.581"/>
  <system-out/>
  <testcase classname="levelset_Test.NewTestDataTrial" name="testSignup_form" time="23.705"/>
  <system-out/>
</testsuite> <!-- levelset_Test.NewTestDataTrial -->
