<?xml version="1.0" encoding="UTF-8"?>
<!-- Generated by org.testng.reporters.JUnitReportReporter -->
<testsuite hostname="DESKTOP-3O8QD8O" failures="0" tests="2" name="levelset_Test.Create_a_Document_Test" time="0.307" errors="0" timestamp="2021-02-17T22:11:42 EET" skipped="0">
  <testcase classname="levelset_Test.Create_a_Document_Test" name="check_create_a_document_isclickable" time="0.225"/>
  <system-out/>
  <testcase classname="levelset_Test.Create_a_Document_Test" name="checknavigation" time="0.082"/>
  <system-out/>
</testsuite> <!-- levelset_Test.Create_a_Document_Test -->
