<?xml version="1.0" encoding="UTF-8"?>
<!-- Generated by org.testng.reporters.JUnitReportReporter -->
<testsuite hostname="DESKTOP-3O8QD8O" failures="0" tests="1" name="levelset_Test.Test_Class" time="4.322" errors="0" timestamp="2021-03-19T11:14:15 EET" skipped="0">
  <testcase classname="levelset_Test.Test_Class" name="check_create_a_document_isclickable" time="4.322"/>
  <system-out/>
</testsuite> <!-- levelset_Test.Test_Class -->
