<?xml version="1.0" encoding="UTF-8"?>
<!-- Generated by org.testng.reporters.JUnitReportReporter -->
<testsuite hostname="DESKTOP-3O8QD8O" failures="0" tests="2" name="dataprovider.TestProperty_Trial" time="60.414" errors="0" timestamp="2021-04-18T02:46:07 EET" skipped="0">
  <testcase classname="dataprovider.TestProperty_Trial" name="exceldatatest" time="39.958"/>
  <system-out/>
  <testcase classname="dataprovider.TestProperty_Trial" name="exceldatatest" time="20.456"/>
  <system-out/>
</testsuite> <!-- dataprovider.TestProperty_Trial -->
